\BOOKMARK [1][-]{section.1}{\376\377\000I\000n\000t\000r\000o\000d\000u\000z\000i\000o\000n\000e}{}% 1
\BOOKMARK [1][-]{section.2}{\376\377\000B\000a\000c\000k\000g\000r\000o\000u\000n\000d\000\040\000T\000e\000o\000r\000i\000c\000o}{}% 2
\BOOKMARK [2][-]{subsection.2.1}{\376\377\000G\000r\000a\000m\000m\000a\000t\000i\000c\000h\000e\000\040\000C\000o\000n\000t\000e\000x\000t\000-\000F\000r\000e\000e\000\040\000\050\000C\000F\000G\000\051}{section.2}% 3
\BOOKMARK [2][-]{subsection.2.2}{\376\377\000F\000o\000r\000m\000a\000\040\000N\000o\000r\000m\000a\000l\000e\000\040\000d\000i\000\040\000C\000h\000o\000m\000s\000k\000y\000\040\000\050\000C\000N\000F\000\051}{section.2}% 4
\BOOKMARK [2][-]{subsection.2.3}{\376\377\000L\000'\000A\000l\000g\000o\000r\000i\000t\000m\000o\000\040\000C\000K\000Y}{section.2}% 5
\BOOKMARK [1][-]{section.3}{\376\377\000S\000t\000r\000u\000t\000t\000u\000r\000a\000\040\000d\000e\000l\000\040\000P\000r\000o\000g\000e\000t\000t\000o}{}% 6
\BOOKMARK [2][-]{subsection.3.1}{\376\377\000I\000l\000\040\000L\000e\000s\000s\000i\000c\000o\000\040\000\050\000L\000e\000x\000i\000c\000o\000n\000.\000j\000s\000o\000n\000\051}{section.3}% 7
\BOOKMARK [2][-]{subsection.3.2}{\376\377\000L\000e\000\040\000R\000e\000g\000o\000l\000e\000\040\000G\000r\000a\000m\000m\000a\000t\000i\000c\000a\000l\000i\000\040\000\050\000r\000e\000g\000o\000l\000e\000\137\000b\000i\000n\000a\000r\000i\000e\000.\000j\000s\000o\000n\000\051}{section.3}% 8
\BOOKMARK [1][-]{section.4}{\376\377\000I\000m\000p\000l\000e\000m\000e\000n\000t\000a\000z\000i\000o\000n\000e}{}% 9
\BOOKMARK [2][-]{subsection.4.1}{\376\377\000L\000a\000\040\000C\000l\000a\000s\000s\000e\000\040\000N\000o\000d\000o}{section.4}% 10
\BOOKMARK [2][-]{subsection.4.2}{\376\377\000L\000'\000A\000l\000g\000o\000r\000i\000t\000m\000o\000\040\000C\000K\000Y\000:\000\040\000I\000m\000p\000l\000e\000m\000e\000n\000t\000a\000z\000i\000o\000n\000e}{section.4}% 11
\BOOKMARK [2][-]{subsection.4.3}{\376\377\000L\000a\000\040\000T\000r\000a\000s\000f\000o\000r\000m\000a\000z\000i\000o\000n\000e\000\040\000i\000n\000\040\000O\000r\000d\000i\000n\000e\000\040\000Y\000o\000d\000a}{section.4}% 12
\BOOKMARK [2][-]{subsection.4.4}{\376\377\000L\000i\000n\000e\000a\000r\000i\000z\000z\000a\000z\000i\000o\000n\000e\000\040\000e\000\040\000P\000o\000s\000t\000-\000p\000r\000o\000c\000e\000s\000s\000i\000n\000g}{section.4}% 13
\BOOKMARK [1][-]{section.5}{\376\377\000I\000n\000t\000e\000r\000f\000a\000c\000c\000i\000a\000\040\000d\000a\000\040\000L\000i\000n\000e\000a\000\040\000d\000i\000\040\000C\000o\000m\000a\000n\000d\000o\000\040\000\050\000C\000L\000I\000\051}{}% 14
\BOOKMARK [1][-]{section.6}{\376\377\000E\000s\000e\000m\000p\000i\000o\000\040\000d\000i\000\040\000E\000s\000e\000c\000u\000z\000i\000o\000n\000e}{}% 15
\BOOKMARK [2][-]{subsection.6.1}{\376\377\000A\000l\000b\000e\000r\000o\000\040\000d\000i\000\040\000D\000e\000r\000i\000v\000a\000z\000i\000o\000n\000e\000\040\000O\000r\000i\000g\000i\000n\000a\000l\000e}{section.6}% 16
\BOOKMARK [2][-]{subsection.6.2}{\376\377\000A\000l\000b\000e\000r\000o\000\040\000T\000r\000a\000s\000f\000o\000r\000m\000a\000t\000o\000\040\000i\000n\000\040\000O\000r\000d\000i\000n\000e\000\040\000Y\000o\000d\000a}{section.6}% 17
\BOOKMARK [1][-]{section.7}{\376\377\000L\000i\000m\000i\000t\000i\000\040\000e\000\040\000P\000o\000s\000s\000i\000b\000i\000l\000i\000\040\000E\000s\000t\000e\000n\000s\000i\000o\000n\000i}{}% 18
\BOOKMARK [2][-]{subsection.7.1}{\376\377\000L\000i\000m\000i\000t\000i\000\040\000d\000e\000l\000\040\000S\000i\000s\000t\000e\000m\000a\000\040\000A\000t\000t\000u\000a\000l\000e}{section.7}% 19
\BOOKMARK [2][-]{subsection.7.2}{\376\377\000P\000o\000s\000s\000i\000b\000i\000l\000i\000\040\000E\000s\000t\000e\000n\000s\000i\000o\000n\000i}{section.7}% 20
\BOOKMARK [1][-]{section.8}{\376\377\000C\000o\000n\000f\000r\000o\000n\000t\000o\000\040\000c\000o\000n\000\040\000A\000p\000p\000r\000o\000c\000c\000i\000\040\000A\000l\000t\000e\000r\000n\000a\000t\000i\000v\000i}{}% 21
\BOOKMARK [2][-]{subsection.8.1}{\376\377\000P\000a\000r\000s\000e\000r\000\040\000R\000u\000l\000e\000-\000B\000a\000s\000e\000d\000\040\000v\000s\000.\000\040\000N\000e\000u\000r\000a\000l\000i}{section.8}% 22
\BOOKMARK [2][-]{subsection.8.2}{\376\377\000T\000r\000a\000s\000f\000o\000r\000m\000a\000z\000i\000o\000n\000e\000\040\000v\000i\000a\000\040\000R\000e\000g\000o\000l\000e\000\040\000v\000s\000.\000\040\000M\000o\000d\000e\000l\000l\000i\000\040\000S\000e\000q\0002\000S\000e\000q}{section.8}% 23
\BOOKMARK [1][-]{section.9}{\376\377\000C\000o\000n\000c\000l\000u\000s\000i\000o\000n\000i}{}% 24
